_UsbHost/UsbHostExample/app/build/intermediates/manifest_merge_blame_file/debug/manifest-merger-blame-debug-report.txt
1<?xml version="1.0" encoding="utf-8"?>
2<manifest xmlns:android="http://schemas.android.com/apk/res/android"
3    package="ru.learn2prog.usbhostexample"
4    android:versionCode="1"
5    android:versionName="1.0" >
6
7    <uses-sdk
8        android:minSdkVersion="14"
8-->src/main/AndroidManifest.xml
9        android:targetSdkVersion="29" />
9-->src/main/AndroidManifest.xml
10
11    <uses-feature android:name="android.hardware.usb.host" />
11-->src/main/AndroidManifest.xml:8:5-62
11-->src/main/AndroidManifest.xml:8:19-59
12
13    <application
13-->src/main/AndroidManifest.xml:10:5-30:19
14        android:allowBackup="true"
14-->src/main/AndroidManifest.xml:11:9-35
15        android:appComponentFactory="android.support.v4.app.CoreComponentFactory"
15-->[com.android.support:support-compat:28.0.0] AndroidManifest.xml:22:18-91
16        android:debuggable="true"
17        android:icon="@mipmap/ic_launcher"
17-->src/main/AndroidManifest.xml:12:9-43
18        android:label="@string/app_name"
18-->src/main/AndroidManifest.xml:13:9-41
19        android:theme="@style/AppTheme" >
19-->src/main/AndroidManifest.xml:14:9-40
20        <activity
20-->src/main/AndroidManifest.xml:15:9-29:20
21            android:name="ru.learn2prog.usbhostexample.MainActivity"
21-->src/main/AndroidManifest.xml:16:13-69
22            android:label="@string/app_name" >
22-->src/main/AndroidManifest.xml:17:13-45
23            <intent-filter>
23-->src/main/AndroidManifest.xml:18:13-22:29
24                <action android:name="android.intent.action.MAIN" />
24-->src/main/AndroidManifest.xml:19:17-69
24-->src/main/AndroidManifest.xml:19:25-66
25
26                <category android:name="android.intent.category.DEFAULT" />
26-->src/main/AndroidManifest.xml:20:17-76
26-->src/main/AndroidManifest.xml:20:27-73
27                <category android:name="android.intent.category.LAUNCHER" />
27-->src/main/AndroidManifest.xml:21:17-77
27-->src/main/AndroidManifest.xml:21:27-74
28            </intent-filter>
29            <intent-filter>
29-->src/main/AndroidManifest.xml:24:13-26:29
30                <action android:name="android.hardware.usb.action.USB_DEVICE_ATTACHED" />
30-->src/main/AndroidManifest.xml:25:17-90
30-->src/main/AndroidManifest.xml:25:25-87
31            </intent-filter>
32
33            <meta-data
33-->src/main/AndroidManifest.xml:27:13-28:57
34                android:name="android.hardware.usb.action.USB_DEVICE_ATTACHED"
34-->src/main/AndroidManifest.xml:27:24-86
35                android:resource="@xml/device_filter" />
35-->src/main/AndroidManifest.xml:28:17-54
36        </activity>
37    </application>
38
39</manifest>